<?xml version="1.0" encoding="UTF-8"?>
<testng-results ignored="0" total="5" passed="4" failed="1" skipped="0">
  <reporter-output>
  </reporter-output>
  <suite started-at="2023-06-04T20:46:27 IST" name="All Test Suite" finished-at="2023-06-04T20:46:30 IST" duration-ms="3271">
    <groups>
    </groups>
    <test started-at="2023-06-04T20:46:27 IST" name="C:/Users/91953/Desktop/testproj/ApiAutomationFrameWork" finished-at="2023-06-04T20:46:30 IST" duration-ms="3271">
      <class name="com.tests.PostTest">
        <test-method signature="postDetails()[pri:0, instance:com.tests.PostTest@17046283]" started-at="2023-06-04T20:46:27 IST" name="postDetails" finished-at="2023-06-04T20:46:29 IST" duration-ms="2527" status="PASS">
          <reporter-output>
          </reporter-output>
        </test-method> <!-- postDetails -->
        <test-method signature="postTestUsingExternalFiles(java.lang.reflect.Method)[pri:0, instance:com.tests.PostTest@17046283]" started-at="2023-06-04T20:46:27 IST" name="postTestUsingExternalFiles" finished-at="2023-06-04T20:46:30 IST" duration-ms="3230" status="PASS">
          <params>
            <param index="0">
              <value>
                <![CDATA[public void com.tests.PostTest.postTestUsingExternalFiles(java.lang.reflect.Method)]]>
              </value>
            </param>
          </params>
          <reporter-output>
          </reporter-output>
        </test-method> <!-- postTestUsingExternalFiles -->
        <test-method signature="postTestUsingExternalFiles_singletonCheck(java.lang.reflect.Method)[pri:0, instance:com.tests.PostTest@17046283]" started-at="2023-06-04T20:46:27 IST" name="postTestUsingExternalFiles_singletonCheck" finished-at="2023-06-04T20:46:30 IST" duration-ms="3230" status="PASS">
          <params>
            <param index="0">
              <value>
                <![CDATA[public void com.tests.PostTest.postTestUsingExternalFiles_singletonCheck(java.lang.reflect.Method)]]>
              </value>
            </param>
          </params>
          <reporter-output>
          </reporter-output>
        </test-method> <!-- postTestUsingExternalFiles_singletonCheck -->
      </class> <!-- com.tests.PostTest -->
      <class name="com.tests.ApiTest">
        <test-method signature="getDetailOfSingleEmployee()[pri:0, instance:com.tests.ApiTest@3c130745]" started-at="2023-06-04T20:46:27 IST" name="getDetailOfSingleEmployee" finished-at="2023-06-04T20:46:29 IST" duration-ms="2231" status="FAIL">
          <exception class="java.lang.AssertionError">
            <message>
              <![CDATA[
expected: 201
 but was: 200]]>
            </message>
            <full-stacktrace>
              <![CDATA[java.lang.AssertionError: 
expected: 201
 but was: 200
at com.tests.ApiTest.getDetailOfSingleEmployee(ApiTest.java:43)
at java.base/jdk.internal.reflect.NativeMethodAccessorImpl.invoke0(Native Method)
at java.base/jdk.internal.reflect.NativeMethodAccessorImpl.invoke(NativeMethodAccessorImpl.java:77)
at java.base/jdk.internal.reflect.DelegatingMethodAccessorImpl.invoke(DelegatingMethodAccessorImpl.java:43)
at java.base/java.lang.reflect.Method.invoke(Method.java:568)
at org.testng.internal.invokers.MethodInvocationHelper.invokeMethod(MethodInvocationHelper.java:135)
at org.testng.internal.invokers.TestInvoker.invokeMethod(TestInvoker.java:673)
at org.testng.internal.invokers.TestInvoker.invokeTestMethod(TestInvoker.java:220)
at org.testng.internal.invokers.MethodRunner.runInSequence(MethodRunner.java:50)
at org.testng.internal.invokers.TestInvoker$MethodInvocationAgent.invoke(TestInvoker.java:945)
at org.testng.internal.invokers.TestInvoker.invokeTestMethods(TestInvoker.java:193)
at org.testng.internal.invokers.TestMethodWorker.invokeTestMethods(TestMethodWorker.java:146)
at org.testng.internal.invokers.TestMethodWorker.run(TestMethodWorker.java:128)
at java.base/java.util.concurrent.ThreadPoolExecutor.runWorker(ThreadPoolExecutor.java:1136)
at java.base/java.util.concurrent.ThreadPoolExecutor$Worker.run(ThreadPoolExecutor.java:635)
at java.base/java.lang.Thread.run(Thread.java:833)
]]>
            </full-stacktrace>
          </exception> <!-- java.lang.AssertionError -->
          <reporter-output>
          </reporter-output>
        </test-method> <!-- getDetailOfSingleEmployee -->
        <test-method signature="getDetails()[pri:0, instance:com.tests.ApiTest@3c130745]" started-at="2023-06-04T20:46:27 IST" name="getDetails" finished-at="2023-06-04T20:46:29 IST" duration-ms="2224" status="PASS">
          <reporter-output>
          </reporter-output>
        </test-method> <!-- getDetails -->
      </class> <!-- com.tests.ApiTest -->
    </test> <!-- C:/Users/91953/Desktop/testproj/ApiAutomationFrameWork -->
  </suite> <!-- All Test Suite -->
</testng-results>
