<?xml version="1.0" encoding="UTF-8"?>
<testsuite xmlns:xsi="http://www.w3.org/2001/XMLSchema-instance" xsi:noNamespaceSchemaLocation="https://maven.apache.org/surefire/maven-surefire-plugin/xsd/surefire-test-report-3.0.xsd" version="3.0" name="TestSuite" time="4.626" tests="5" errors="0" skipped="0" failures="2">
  <properties>
[...]
</properties>
  <testcase name="getDetailOfSingleEmployee" classname="com.tests.ApiTest" time="2.386">
    <system-out><![CDATA[Request method:	GET
Request URI:	https://reqres.in/api/users/2
Proxy:			<none>
Request params:	<none>
Query params:	<none>
Form params:	<none>
Path params:	userId=2
Headers:		Accept=*/*
Cookies:		<none>
Multiparts:		<none>
Body:			<none>
Request method:	GET
Request URI:	https://reqres.in/api/users
Proxy:			<none>
Request params:	<none>
Query params:	<none>
Form params:	<none>
Path params:	<none>
Headers:		Accept=*/*
Cookies:		<none>
Multiparts:		<none>
Body:			<none>
Request method:	POST
Request URI:	https://reqres.in/api/users
Proxy:			<none>
Request params:	<none>
Query params:	<none>
Form params:	<none>
Path params:	<none>
Headers:		Accept=*/*
				Content-Type=application/json
Cookies:		<none>
Multiparts:		<none>
Body:
{
    "firstName": "Rory",
    "lastName": "VK",
    "id": "94",
    "job": [
        "QA",
        "Trainer"
    ],
    "marks": [
        {
            "maths": 45,
            "science": 47
        },
        {
            "maths": 48,
            "science": 46
        }
    ],
    "email": "test@gmail.com",
    "FavFood": {
        "breakFast": "idly",
        "lunch": "rice",
        "dinner": [
            "chapati",
            "rice"
        ]
    }
}
Request method:	POST
Request URI:	https://reqres.in/api/users
Proxy:			<none>
Request params:	<none>
Query params:	<none>
Form params:	<none>
Path params:	<none>
Headers:		Accept=*/*
				Content-Type=application/json
Cookies:		<none>
Multiparts:		<none>
Body:
{
    "firstName": "Bruce",
    "lastName": "VK",
    "id": "268",
    "job": [
        "QA",
        "Trainer"
    ],
    "marks": [
        {
            "maths": 45,
            "science": 47
        },
        {
            "maths": 48,
            "science": 46
        }
    ],
    "email": "test@gmail.com",
    "FavFood": {
        "breakFast": "idly",
        "lunch": "rice",
        "dinner": [
            "chapati",
            "rice"
        ]
    }
}
Request method:	POST
Request URI:	https://reqres.in/api/users
Proxy:			<none>
Request params:	<none>
Query params:	<none>
Form params:	<none>
Path params:	<none>
Headers:		Accept=*/*
				Content-Type=application/json
Cookies:		<none>
Multiparts:		<none>
Body:
{
    "id": 468,
    "studentName": "Jackelyn",
    "lastName": "Donnelly",
    "department": "Healthcare"
}
200
200
]]></system-out>
    <system-err><![CDATA[SLF4J: Failed to load class "org.slf4j.impl.StaticLoggerBinder".
SLF4J: Defaulting to no-operation (NOP) logger implementation
SLF4J: See http://www.slf4j.org/codes.html#StaticLoggerBinder for further details.
]]></system-err>
  </testcase>
  <testcase name="getDetails" classname="com.tests.ApiTest" time="3.19">
    <failure message="&#10;expected: 201&#10; but was: 200" type="java.lang.AssertionError"><![CDATA[java.lang.AssertionError: 

expected: 201
 but was: 200
	at com.tests.ApiTest.getDetails(ApiTest.java:25)
	at java.base/jdk.internal.reflect.NativeMethodAccessorImpl.invoke0(Native Method)
	at java.base/jdk.internal.reflect.NativeMethodAccessorImpl.invoke(NativeMethodAccessorImpl.java:62)
	at java.base/jdk.internal.reflect.DelegatingMethodAccessorImpl.invoke(DelegatingMethodAccessorImpl.java:43)
	at java.base/java.lang.reflect.Method.invoke(Method.java:566)
	at org.testng.internal.invokers.MethodInvocationHelper.invokeMethod(MethodInvocationHelper.java:135)
	at org.testng.internal.invokers.TestInvoker.invokeMethod(TestInvoker.java:673)
	at org.testng.internal.invokers.TestInvoker.invokeTestMethod(TestInvoker.java:220)
	at org.testng.internal.invokers.MethodRunner.runInSequence(MethodRunner.java:50)
	at org.testng.internal.invokers.TestInvoker$MethodInvocationAgent.invoke(TestInvoker.java:945)
	at org.testng.internal.invokers.TestInvoker.invokeTestMethods(TestInvoker.java:193)
	at org.testng.internal.invokers.TestMethodWorker.invokeTestMethods(TestMethodWorker.java:146)
	at org.testng.internal.invokers.TestMethodWorker.run(TestMethodWorker.java:128)
	at java.base/java.util.concurrent.ThreadPoolExecutor.runWorker(ThreadPoolExecutor.java:1128)
	at java.base/java.util.concurrent.ThreadPoolExecutor$Worker.run(ThreadPoolExecutor.java:628)
	at java.base/java.lang.Thread.run(Thread.java:834)
]]></failure>
  </testcase>
  <testcase name="postDetails" classname="com.tests.PostTest" time="2.526">
    <system-out><![CDATA[Request method:	POST
Request URI:	http://localhost:8080/rest/api/2/issue/
Proxy:			<none>
Request params:	<none>
Query params:	<none>
Form params:	<none>
Path params:	<none>
Headers:		Accept=*/*
				Content-Type=application/json
Cookies:		<none>
Multiparts:		<none>
Body:
{
    "fields": {
        "project": {
            "key": "TES"
        },
        "description": "java.lang.AssertionError: \rexpected: 201\r but was: 200",
        "summary": "SUMMERY",
        "issuetype": {
            "name": "Bug"
        }
    }
}
{
    "errorMessages": [
        "Illegal unquoted character ((CTRL-CHAR, code 13)): has to be escaped using backslash to be included in string value\n at [Source: org.apache.catalina.connector.CoyoteInputStream@55399041; line: 7, column: 48]"
    ]
}
{
    "id": 468,
    "studentName": "Jackelyn",
    "lastName": "Donnelly",
    "department": "Healthcare",
    "createdAt": "2023-02-09T11:47:49.748Z"
}
]]></system-out>
  </testcase>
  <testcase name="postTestUsingExternalFiles[public void com.tests.PostTest.postTestUsingExternalFiles(java.lang.reflect.Method)](1)" classname="com.tests.PostTest" time="3.296"/>
  <testcase name="postTestUsingExternalFiles_singletonCheck[public void com.tests.PostTest.postTestUsingExternalFiles_singletonCheck(java.lang.reflect.Method)](1)" classname="com.tests.PostTest" time="3.365">
    <failure message="&#10;expected: &quot;chapati12&quot;&#10; but was: &quot;chapati&quot;" type="java.lang.AssertionError"><![CDATA[java.lang.AssertionError: 

expected: "chapati12"
 but was: "chapati"
	at com.tests.PostTest.postTestUsingExternalFiles_singletonCheck(PostTest.java:82)
	at java.base/jdk.internal.reflect.NativeMethodAccessorImpl.invoke0(Native Method)
	at java.base/jdk.internal.reflect.NativeMethodAccessorImpl.invoke(NativeMethodAccessorImpl.java:62)
	at java.base/jdk.internal.reflect.DelegatingMethodAccessorImpl.invoke(DelegatingMethodAccessorImpl.java:43)
	at java.base/java.lang.reflect.Method.invoke(Method.java:566)
	at org.testng.internal.invokers.MethodInvocationHelper.invokeMethod(MethodInvocationHelper.java:135)
	at org.testng.internal.invokers.TestInvoker.invokeMethod(TestInvoker.java:673)
	at org.testng.internal.invokers.TestInvoker.invokeTestMethod(TestInvoker.java:220)
	at org.testng.internal.invokers.MethodRunner.runInSequence(MethodRunner.java:50)
	at org.testng.internal.invokers.TestInvoker$MethodInvocationAgent.invoke(TestInvoker.java:945)
	at org.testng.internal.invokers.TestInvoker.invokeTestMethods(TestInvoker.java:193)
	at org.testng.internal.invokers.TestMethodWorker.invokeTestMethods(TestMethodWorker.java:146)
	at org.testng.internal.invokers.TestMethodWorker.run(TestMethodWorker.java:128)
	at java.base/java.util.concurrent.ThreadPoolExecutor.runWorker(ThreadPoolExecutor.java:1128)
	at java.base/java.util.concurrent.ThreadPoolExecutor$Worker.run(ThreadPoolExecutor.java:628)
	at java.base/java.lang.Thread.run(Thread.java:834)
]]></failure>
    <system-out><![CDATA[Request method:	POST
Request URI:	http://localhost:8080/rest/api/2/issue/
Proxy:			<none>
Request params:	<none>
Query params:	<none>
Form params:	<none>
Path params:	<none>
Headers:		Accept=*/*
				Content-Type=application/json
Cookies:		<none>
Multiparts:		<none>
Body:
{
  "fields": {
    "project":
    {
      "key": "TES"
    },
    "description": "java.lang.AssertionError: 
expected: "chapati12"
 but was: "chapati"",
    "summary": "SUMMERY",
    "issuetype": {
      "name": "Bug"
    }
  }
}
{
    "errorMessages": [
        "Illegal unquoted character ((CTRL-CHAR, code 13)): has to be escaped using backslash to be included in string value\n at [Source: org.apache.catalina.connector.CoyoteInputStream@55399041; line: 7, column: 48]"
    ]
}
]]></system-out>
  </testcase>
</testsuite>